<html>
<head>
<title>TestNG:  Default test</title>
<link href="../testng.css" rel="stylesheet" type="text/css" />
<link href="../my-testng.css" rel="stylesheet" type="text/css" />

<style type="text/css">
.log { display: none;} 
.stack-trace { display: none;} 
</style>
<script type="text/javascript">
<!--
function flip(e) {
  current = e.style.display;
  if (current == 'block') {
    e.style.display = 'none';
    return 0;
  }
  else {
    e.style.display = 'block';
    return 1;
  }
}

function toggleBox(szDivId, elem, msg1, msg2)
{
  var res = -1;  if (document.getElementById) {
    res = flip(document.getElementById(szDivId));
  }
  else if (document.all) {
    // this is the way old msie versions work
    res = flip(document.all[szDivId]);
  }
  if(elem) {
    if(res == 0) elem.innerHTML = msg1; else elem.innerHTML = msg2;
  }

}

function toggleAllBoxes() {
  if (document.getElementsByTagName) {
    d = document.getElementsByTagName('div');
    for (i = 0; i < d.length; i++) {
      if (d[i].className == 'log') {
        flip(d[i]);
      }
    }
  }
}

// -->
</script>

</head>
<body>
<h2 align='center'>Default test</h2><table border='1' align="center">
<tr>
<td>Tests passed/Failed/Skipped:</td><td>6/1/0</td>
</tr><tr>
<td>Started on:</td><td>Sat Apr 27 20:41:07 EDT 2024</td>
</tr>
<tr><td>Total time:</td><td>141 seconds (141267 ms)</td>
</tr><tr>
<td>Included groups:</td><td></td>
</tr><tr>
<td>Excluded groups:</td><td></td>
</tr>
</table><p/>
<small><i>(Hover the method name to see the test class name)</i></small><p/>
<table width='100%' border='1' class='invocation-failed'>
<tr><td colspan='4' align='center'><b>FAILED TESTS</b></td></tr>
<tr><td><b>Test method</b></td>
<td><b>Attribute(s)</b></td>
<td width="30%"><b>Exception</b></td>
<td width="10%"><b>Time (seconds)</b></td>
<td><b>Instance</b></td>
</tr>
<tr>
<td title='com.lms.ui.runner.TestRunner.runScenario()'><b>runScenario</b><br>Test class: com.lms.ui.runner.TestRunner<br>Test method: Runs Cucumber Scenarios<br>Parameters: "Validate data rows of checkbox", "Admin Validating Batch Page"</td>
<td><div><pre>org.openqa.selenium.NoSuchElementException: no such element: Unable to locate element: {&quot;method&quot;:&quot;xpath&quot;,&quot;selector&quot;:&quot;//button[@id=&apos;batch&apos;]&quot;}
  (Session info: chrome=109.0.5414.168)
For documentation on this error, please visit: https://www.selenium.dev/documentation/webdriver/troubleshooting/errors#no-such-element-exception
Build info: version: &apos;4.19.1&apos;, revision: &apos;abe0ee07dc&apos;
System info: os.name: &apos;Windows 8.1&apos;, os.arch: &apos;amd64&apos;, os.version: &apos;6.3&apos;, java.version: &apos;21&apos;
Driver info: org.openqa.selenium.chrome.ChromeDriver
Command: [d0d73d662e7193a966311d3fd1c4ae87, findElement {using=xpath, value=//button[@id=&apos;batch&apos;]}]
Capabilities {acceptInsecureCerts: false, browserName: chrome, browserVersion: 109.0.5414.168, chrome: {chromedriverVersion: 109.0.5414.74 (e7c5703604da..., userDataDir: C:\Users\sateesh\AppData\Lo...}, goog:chromeOptions: {debuggerAddress: localhost:55884}, networkConnectionEnabled: false, pageLoadStrategy: normal, platformName: windows, proxy: Proxy(), se:cdp: ws://localhost:55884/devtoo..., se:cdpVersion: 109.0.5414.168, setWindowRect: true, strictFileInteractability: false, timeouts: {implicit: 0, pageLoad: 300000, script: 30000}, unhandledPromptBehavior: dismiss and notify, webauthn:extension:credBlob: true, webauthn:extension:largeBlob: true, webauthn:virtualAuthenticators: true}
Session ID: d0d73d662e7193a966311d3fd1c4ae87
	at java.base/jdk.internal.reflect.DirectConstructorHandleAccessor.newInstance(DirectConstructorHandleAccessor.java:62)
	at java.base/java.lang.reflect.Constructor.newInstanceWithCaller(Constructor.java:502)
	at java.base/java.lang.reflect.Constructor.newInstance(Constructor.java:486)
	at org.openqa.selenium.remote.ErrorCodec.decode(ErrorCodec.java:167)
	at org.openqa.selenium.remote.codec.w3c.W3CHttpResponseCodec.decode(W3CHttpResponseCodec.java:138)
	at org.openqa.selenium.remote.codec.w3c.W3CHttpResponseCodec.decode(W3CHttpResponseCodec.java:50)
	at org.openqa.selenium.remote.HttpCommandExecutor.execute(HttpCommandExecutor.java:190)
	at org.openqa.selenium.remote.service.DriverCommandExecutor.invokeExecute(DriverCommandExecutor.java:216)
	at org.openqa.selenium.remote.service.DriverCommandExecutor.execute(DriverCommandExecutor.java:174)
	at org.openqa.selenium.remote.RemoteWebDriver.execute(RemoteWebDriver.java:518)
	at org.openqa.selenium.remote.ElementLocation$ElementFinder$2.findElement(ElementLocation.java:165)
	at org.openqa.selenium.remote.ElementLocation.findElement(ElementLocation.java:59)
	at org.openqa.selenium.remote.RemoteWebDriver.findElement(RemoteWebDriver.java:355)
	at org.openqa.selenium.remote.RemoteWebDriver.findElement(RemoteWebDriver.java:349)
	at com.lms.ui.pageobjects.BatchPage.clickBatch(BatchPage.java:49)
	at com.lms.ui.stepdefinitions.BatchSteps.admin_clicks_from_navigation_bar(BatchSteps.java:29)
	at ✽.Admin clicks &quot;Batch&quot; from navigation bar(file:///E:/New-Selenium/LMS-Team08-Automation/src/test/resources/features/4Batch.feature:44)
</pre></div><a href='#' onClick='toggleBox("stack-trace378092989", this, "Click to show all stack frames", "Click to hide stack frames")'>Click to show all stack frames</a>
<div class='stack-trace' id='stack-trace378092989'><pre>org.openqa.selenium.NoSuchElementException: no such element: Unable to locate element: {&quot;method&quot;:&quot;xpath&quot;,&quot;selector&quot;:&quot;//button[@id=&apos;batch&apos;]&quot;}
  (Session info: chrome=109.0.5414.168)
For documentation on this error, please visit: https://www.selenium.dev/documentation/webdriver/troubleshooting/errors#no-such-element-exception
Build info: version: &apos;4.19.1&apos;, revision: &apos;abe0ee07dc&apos;
System info: os.name: &apos;Windows 8.1&apos;, os.arch: &apos;amd64&apos;, os.version: &apos;6.3&apos;, java.version: &apos;21&apos;
Driver info: org.openqa.selenium.chrome.ChromeDriver
Command: [d0d73d662e7193a966311d3fd1c4ae87, findElement {using=xpath, value=//button[@id=&apos;batch&apos;]}]
Capabilities {acceptInsecureCerts: false, browserName: chrome, browserVersion: 109.0.5414.168, chrome: {chromedriverVersion: 109.0.5414.74 (e7c5703604da..., userDataDir: C:\Users\sateesh\AppData\Lo...}, goog:chromeOptions: {debuggerAddress: localhost:55884}, networkConnectionEnabled: false, pageLoadStrategy: normal, platformName: windows, proxy: Proxy(), se:cdp: ws://localhost:55884/devtoo..., se:cdpVersion: 109.0.5414.168, setWindowRect: true, strictFileInteractability: false, timeouts: {implicit: 0, pageLoad: 300000, script: 30000}, unhandledPromptBehavior: dismiss and notify, webauthn:extension:credBlob: true, webauthn:extension:largeBlob: true, webauthn:virtualAuthenticators: true}
Session ID: d0d73d662e7193a966311d3fd1c4ae87
	at java.base/jdk.internal.reflect.DirectConstructorHandleAccessor.newInstance(DirectConstructorHandleAccessor.java:62)
	at java.base/java.lang.reflect.Constructor.newInstanceWithCaller(Constructor.java:502)
	at java.base/java.lang.reflect.Constructor.newInstance(Constructor.java:486)
	at org.openqa.selenium.remote.ErrorCodec.decode(ErrorCodec.java:167)
	at org.openqa.selenium.remote.codec.w3c.W3CHttpResponseCodec.decode(W3CHttpResponseCodec.java:138)
	at org.openqa.selenium.remote.codec.w3c.W3CHttpResponseCodec.decode(W3CHttpResponseCodec.java:50)
	at org.openqa.selenium.remote.HttpCommandExecutor.execute(HttpCommandExecutor.java:190)
	at org.openqa.selenium.remote.service.DriverCommandExecutor.invokeExecute(DriverCommandExecutor.java:216)
	at org.openqa.selenium.remote.service.DriverCommandExecutor.execute(DriverCommandExecutor.java:174)
	at org.openqa.selenium.remote.RemoteWebDriver.execute(RemoteWebDriver.java:518)
	at org.openqa.selenium.remote.ElementLocation$ElementFinder$2.findElement(ElementLocation.java:165)
	at org.openqa.selenium.remote.ElementLocation.findElement(ElementLocation.java:59)
	at org.openqa.selenium.remote.RemoteWebDriver.findElement(RemoteWebDriver.java:355)
	at org.openqa.selenium.remote.RemoteWebDriver.findElement(RemoteWebDriver.java:349)
	at com.lms.ui.pageobjects.BatchPage.clickBatch(BatchPage.java:49)
	at com.lms.ui.stepdefinitions.BatchSteps.admin_clicks_from_navigation_bar(BatchSteps.java:29)
	at ✽.Admin clicks &quot;Batch&quot; from navigation bar(file:///E:/New-Selenium/LMS-Team08-Automation/src/test/resources/features/4Batch.feature:44)
</pre></div></td>
<td>89</td>
<td>com.lms.ui.runner.TestRunner@24105dc5</td></tr>
</table><p>
<table width='100%' border='1' class='invocation-passed'>
<tr><td colspan='4' align='center'><b>PASSED TESTS</b></td></tr>
<tr><td><b>Test method</b></td>
<td><b>Attribute(s)</b></td>
<td width="30%"><b>Exception</b></td>
<td width="10%"><b>Time (seconds)</b></td>
<td><b>Instance</b></td>
</tr>
<tr>
<td title='com.lms.ui.runner.TestRunner.runScenario()'><b>runScenario</b><br>Test class: com.lms.ui.runner.TestRunner<br>Test method: Runs Cucumber Scenarios<br>Parameters: "Validate Delete button in Batch Page", "Admin Validating Batch Page"</td>
<td></td>
<td>94</td>
<td>com.lms.ui.runner.TestRunner@24105dc5</td></tr>
<tr>
<td title='com.lms.ui.runner.TestRunner.runScenario()'><b>runScenario</b><br>Test class: com.lms.ui.runner.TestRunner<br>Test method: Runs Cucumber Scenarios<br>Parameters: "Validate pagination in the Batch Page", "Admin Validating Batch Page"</td>
<td></td>
<td>123</td>
<td>com.lms.ui.runner.TestRunner@24105dc5</td></tr>
<tr>
<td title='com.lms.ui.runner.TestRunner.runScenario()'><b>runScenario</b><br>Test class: com.lms.ui.runner.TestRunner<br>Test method: Runs Cucumber Scenarios<br>Parameters: "Validate "+ A New batch" in Batch Page", "Admin Validating Batch Page"</td>
<td></td>
<td>80</td>
<td>com.lms.ui.runner.TestRunner@24105dc5</td></tr>
<tr>
<td title='com.lms.ui.runner.TestRunner.runScenario()'><b>runScenario</b><br>Test class: com.lms.ui.runner.TestRunner<br>Test method: Runs Cucumber Scenarios<br>Parameters: "Validate header in the Batch Page", "Admin Validating Batch Page"</td>
<td></td>
<td>98</td>
<td>com.lms.ui.runner.TestRunner@24105dc5</td></tr>
<tr>
<td title='com.lms.ui.runner.TestRunner.runScenario()'><b>runScenario</b><br>Test class: com.lms.ui.runner.TestRunner<br>Test method: Runs Cucumber Scenarios<br>Parameters: "Validate data table headers in the Batch Page", "Admin Validating Batch Page"</td>
<td></td>
<td>95</td>
<td>com.lms.ui.runner.TestRunner@24105dc5</td></tr>
<tr>
<td title='com.lms.ui.runner.TestRunner.runScenario()'><b>runScenario</b><br>Test class: com.lms.ui.runner.TestRunner<br>Test method: Runs Cucumber Scenarios<br>Parameters: "Validate landing in Batch page", "Admin Validating Batch Page"</td>
<td></td>
<td>99</td>
<td>com.lms.ui.runner.TestRunner@24105dc5</td></tr>
</table><p>
</body>
</html>